c:\users\wavid bowman\documents\github\wavid-bowman_professional\team\word sort hangman\gamefiles\sfml3\release\vc143.pdb
c:\users\wavid bowman\documents\github\wavid-bowman_professional\team\word sort hangman\gamefiles\sfml3\release\words.obj
c:\users\wavid bowman\documents\github\wavid-bowman_professional\team\word sort hangman\gamefiles\sfml3\release\texturemanager.obj
c:\users\wavid bowman\documents\github\wavid-bowman_professional\team\word sort hangman\gamefiles\sfml3\release\sorting.obj
c:\users\wavid bowman\documents\github\wavid-bowman_professional\team\word sort hangman\gamefiles\sfml3\release\objects.obj
c:\users\wavid bowman\documents\github\wavid-bowman_professional\team\word sort hangman\gamefiles\sfml3\release\main.obj
c:\users\wavid bowman\documents\github\wavid-bowman_professional\team\word sort hangman\gamefiles\sfml3\release\gameboard.obj
c:\users\wavid bowman\documents\github\wavid-bowman_professional\team\word sort hangman\gamefiles\sfml3\release\game.obj
c:\users\wavid bowman\documents\github\wavid-bowman_professional\team\word sort hangman\gamefiles\sfml3\release\frequencycalculator.obj
c:\users\wavid bowman\documents\github\wavid-bowman_professional\team\word sort hangman\gamefiles\release\sfml3.exe
c:\users\wavid bowman\documents\github\wavid-bowman_professional\team\word sort hangman\gamefiles\sfml3\release\sfml3.ipdb
c:\users\wavid bowman\documents\github\wavid-bowman_professional\team\word sort hangman\gamefiles\sfml3\release\sfml3.iobj
c:\users\wavid bowman\documents\github\wavid-bowman_professional\team\word sort hangman\gamefiles\release\sfml3.pdb
c:\users\wavid bowman\documents\github\wavid-bowman_professional\team\word sort hangman\gamefiles\sfml3\release\sfml3.tlog\cl.command.1.tlog
c:\users\wavid bowman\documents\github\wavid-bowman_professional\team\word sort hangman\gamefiles\sfml3\release\sfml3.tlog\cl.items.tlog
c:\users\wavid bowman\documents\github\wavid-bowman_professional\team\word sort hangman\gamefiles\sfml3\release\sfml3.tlog\cl.read.1.tlog
c:\users\wavid bowman\documents\github\wavid-bowman_professional\team\word sort hangman\gamefiles\sfml3\release\sfml3.tlog\cl.write.1.tlog
c:\users\wavid bowman\documents\github\wavid-bowman_professional\team\word sort hangman\gamefiles\sfml3\release\sfml3.tlog\link.command.1.tlog
c:\users\wavid bowman\documents\github\wavid-bowman_professional\team\word sort hangman\gamefiles\sfml3\release\sfml3.tlog\link.read.1.tlog
c:\users\wavid bowman\documents\github\wavid-bowman_professional\team\word sort hangman\gamefiles\sfml3\release\sfml3.tlog\link.write.1.tlog
