c:\users\wavid bowman\documents\github\wavid-bowman_professional\team\word sort hangman\gamefiles\sfml3\debug\vc143.pdb
c:\users\wavid bowman\documents\github\wavid-bowman_professional\team\word sort hangman\gamefiles\sfml3\debug\vc143.idb
c:\users\wavid bowman\documents\github\wavid-bowman_professional\team\word sort hangman\gamefiles\sfml3\debug\words.obj
c:\users\wavid bowman\documents\github\wavid-bowman_professional\team\word sort hangman\gamefiles\sfml3\debug\texturemanager.obj
c:\users\wavid bowman\documents\github\wavid-bowman_professional\team\word sort hangman\gamefiles\sfml3\debug\sorting.obj
c:\users\wavid bowman\documents\github\wavid-bowman_professional\team\word sort hangman\gamefiles\sfml3\debug\objects.obj
c:\users\wavid bowman\documents\github\wavid-bowman_professional\team\word sort hangman\gamefiles\sfml3\debug\main.obj
c:\users\wavid bowman\documents\github\wavid-bowman_professional\team\word sort hangman\gamefiles\sfml3\debug\gameboard.obj
c:\users\wavid bowman\documents\github\wavid-bowman_professional\team\word sort hangman\gamefiles\sfml3\debug\game.obj
c:\users\wavid bowman\documents\github\wavid-bowman_professional\team\word sort hangman\gamefiles\sfml3\debug\frequencycalculator.obj
c:\users\wavid bowman\documents\github\wavid-bowman_professional\team\word sort hangman\gamefiles\sfml3\debug\main.nativecodeanalysis.sarif
c:\users\wavid bowman\documents\github\wavid-bowman_professional\team\word sort hangman\gamefiles\sfml3\debug\main.nativecodeanalysis.xml
c:\users\wavid bowman\documents\github\wavid-bowman_professional\team\word sort hangman\gamefiles\debug\sfml3.exe
c:\users\wavid bowman\documents\github\wavid-bowman_professional\team\word sort hangman\gamefiles\sfml3\debug\sfml3.ilk
c:\users\wavid bowman\documents\github\wavid-bowman_professional\team\word sort hangman\gamefiles\debug\sfml3.pdb
c:\users\wavid bowman\documents\github\wavid-bowman_professional\team\word sort hangman\gamefiles\sfml3\debug\nativecodeanalysis.read.1.tlog
c:\users\wavid bowman\documents\github\wavid-bowman_professional\team\word sort hangman\gamefiles\sfml3\debug\vc.nativecodeanalysis.all.xml
c:\users\wavid bowman\documents\github\wavid-bowman_professional\team\word sort hangman\gamefiles\sfml3\debug\sfml3.tlog\cl.command.1.tlog
c:\users\wavid bowman\documents\github\wavid-bowman_professional\team\word sort hangman\gamefiles\sfml3\debug\sfml3.tlog\cl.items.tlog
c:\users\wavid bowman\documents\github\wavid-bowman_professional\team\word sort hangman\gamefiles\sfml3\debug\sfml3.tlog\cl.read.1.tlog
c:\users\wavid bowman\documents\github\wavid-bowman_professional\team\word sort hangman\gamefiles\sfml3\debug\sfml3.tlog\cl.write.1.tlog
c:\users\wavid bowman\documents\github\wavid-bowman_professional\team\word sort hangman\gamefiles\sfml3\debug\sfml3.tlog\link.command.1.tlog
c:\users\wavid bowman\documents\github\wavid-bowman_professional\team\word sort hangman\gamefiles\sfml3\debug\sfml3.tlog\link.read.1.tlog
c:\users\wavid bowman\documents\github\wavid-bowman_professional\team\word sort hangman\gamefiles\sfml3\debug\sfml3.tlog\link.write.1.tlog
