  FrequencyCalculator.cpp
  game.cpp
C:\Users\Wavid Bowman\Documents\GitHub\Wavid-Bowman_Professional\Team\Word Sort Hangman\GameFiles\SFML3\game.cpp(11,20): warning C4018: '<': signed/unsigned mismatch
C:\Users\Wavid Bowman\Documents\GitHub\Wavid-Bowman_Professional\Team\Word Sort Hangman\GameFiles\SFML3\game.cpp(24,13): warning C4244: 'argument': conversion from 'time_t' to 'unsigned int', possible loss of data
C:\Users\Wavid Bowman\Documents\GitHub\Wavid-Bowman_Professional\Team\Word Sort Hangman\GameFiles\SFML3\game.cpp(104,22): warning C4018: '<': signed/unsigned mismatch
C:\Users\Wavid Bowman\Documents\GitHub\Wavid-Bowman_Professional\Team\Word Sort Hangman\GameFiles\SFML3\game.cpp(166,22): warning C4018: '<': signed/unsigned mismatch
C:\Users\Wavid Bowman\Documents\GitHub\Wavid-Bowman_Professional\Team\Word Sort Hangman\GameFiles\SFML3\game.cpp(238,23): warning C4018: '>': signed/unsigned mismatch
C:\Users\Wavid Bowman\Documents\GitHub\Wavid-Bowman_Professional\Team\Word Sort Hangman\GameFiles\SFML3\game.cpp(246,26): warning C4018: '>': signed/unsigned mismatch
C:\Users\Wavid Bowman\Documents\GitHub\Wavid-Bowman_Professional\Team\Word Sort Hangman\GameFiles\SFML3\game.cpp(272,20): warning C4018: '<': signed/unsigned mismatch
C:\Users\Wavid Bowman\Documents\GitHub\Wavid-Bowman_Professional\Team\Word Sort Hangman\GameFiles\SFML3\game.cpp(338,23): warning C4018: '>': signed/unsigned mismatch
C:\Users\Wavid Bowman\Documents\GitHub\Wavid-Bowman_Professional\Team\Word Sort Hangman\GameFiles\SFML3\game.cpp(343,24): warning C4018: '>': signed/unsigned mismatch
  Gameboard.cpp
C:\Users\Wavid Bowman\Documents\GitHub\Wavid-Bowman_Professional\Team\Word Sort Hangman\GameFiles\SFML3\Objects.h(40,28): warning C4244: 'argument': conversion from 'int' to 'float', possible loss of data
  (compiling source file 'Gameboard.cpp')
  
C:\Users\Wavid Bowman\Documents\GitHub\Wavid-Bowman_Professional\Team\Word Sort Hangman\GameFiles\SFML3\Objects.h(40,25): warning C4244: 'argument': conversion from 'int' to 'float', possible loss of data
  (compiling source file 'Gameboard.cpp')
  
C:\Users\Wavid Bowman\Documents\GitHub\Wavid-Bowman_Professional\Team\Word Sort Hangman\GameFiles\SFML3\Objects.h(47,29): warning C4305: 'argument': truncation from 'double' to 'float'
  (compiling source file 'Gameboard.cpp')
  
C:\Users\Wavid Bowman\Documents\GitHub\Wavid-Bowman_Professional\Team\Word Sort Hangman\GameFiles\SFML3\Objects.h(47,23): warning C4305: 'argument': truncation from 'double' to 'float'
  (compiling source file 'Gameboard.cpp')
  
C:\Users\Wavid Bowman\Documents\GitHub\Wavid-Bowman_Professional\Team\Word Sort Hangman\GameFiles\SFML3\Objects.h(50,28): warning C4305: 'argument': truncation from 'double' to 'float'
  (compiling source file 'Gameboard.cpp')
  
C:\Users\Wavid Bowman\Documents\GitHub\Wavid-Bowman_Professional\Team\Word Sort Hangman\GameFiles\SFML3\Objects.h(50,23): warning C4305: 'argument': truncation from 'double' to 'float'
  (compiling source file 'Gameboard.cpp')
  
C:\Users\Wavid Bowman\Documents\GitHub\Wavid-Bowman_Professional\Team\Word Sort Hangman\GameFiles\SFML3\Objects.h(58,28): warning C4305: 'argument': truncation from 'double' to 'float'
  (compiling source file 'Gameboard.cpp')
  
C:\Users\Wavid Bowman\Documents\GitHub\Wavid-Bowman_Professional\Team\Word Sort Hangman\GameFiles\SFML3\Objects.h(58,23): warning C4305: 'argument': truncation from 'double' to 'float'
  (compiling source file 'Gameboard.cpp')
  
C:\Users\Wavid Bowman\Documents\GitHub\Wavid-Bowman_Professional\Team\Word Sort Hangman\GameFiles\SFML3\Objects.h(68,28): warning C4305: 'argument': truncation from 'double' to 'float'
  (compiling source file 'Gameboard.cpp')
  
C:\Users\Wavid Bowman\Documents\GitHub\Wavid-Bowman_Professional\Team\Word Sort Hangman\GameFiles\SFML3\Objects.h(68,23): warning C4305: 'argument': truncation from 'double' to 'float'
  (compiling source file 'Gameboard.cpp')
  
C:\Users\Wavid Bowman\Documents\GitHub\Wavid-Bowman_Professional\Team\Word Sort Hangman\GameFiles\SFML3\Objects.h(165,29): warning C4305: 'argument': truncation from 'double' to 'float'
  (compiling source file 'Gameboard.cpp')
  
C:\Users\Wavid Bowman\Documents\GitHub\Wavid-Bowman_Professional\Team\Word Sort Hangman\GameFiles\SFML3\Objects.h(165,23): warning C4305: 'argument': truncation from 'double' to 'float'
  (compiling source file 'Gameboard.cpp')
  
C:\Users\Wavid Bowman\Documents\GitHub\Wavid-Bowman_Professional\Team\Word Sort Hangman\GameFiles\SFML3\Objects.h(169,29): warning C4305: 'argument': truncation from 'double' to 'float'
  (compiling source file 'Gameboard.cpp')
  
C:\Users\Wavid Bowman\Documents\GitHub\Wavid-Bowman_Professional\Team\Word Sort Hangman\GameFiles\SFML3\Objects.h(169,23): warning C4305: 'argument': truncation from 'double' to 'float'
  (compiling source file 'Gameboard.cpp')
  
C:\Users\Wavid Bowman\Documents\GitHub\Wavid-Bowman_Professional\Team\Word Sort Hangman\GameFiles\SFML3\Objects.h(173,29): warning C4305: 'argument': truncation from 'double' to 'float'
  (compiling source file 'Gameboard.cpp')
  
C:\Users\Wavid Bowman\Documents\GitHub\Wavid-Bowman_Professional\Team\Word Sort Hangman\GameFiles\SFML3\Objects.h(173,23): warning C4305: 'argument': truncation from 'double' to 'float'
  (compiling source file 'Gameboard.cpp')
  
C:\Users\Wavid Bowman\Documents\GitHub\Wavid-Bowman_Professional\Team\Word Sort Hangman\GameFiles\SFML3\Objects.h(177,29): warning C4305: 'argument': truncation from 'double' to 'float'
  (compiling source file 'Gameboard.cpp')
  
C:\Users\Wavid Bowman\Documents\GitHub\Wavid-Bowman_Professional\Team\Word Sort Hangman\GameFiles\SFML3\Objects.h(177,23): warning C4305: 'argument': truncation from 'double' to 'float'
  (compiling source file 'Gameboard.cpp')
  
C:\Users\Wavid Bowman\Documents\GitHub\Wavid-Bowman_Professional\Team\Word Sort Hangman\GameFiles\SFML3\Objects.h(181,29): warning C4305: 'argument': truncation from 'double' to 'float'
  (compiling source file 'Gameboard.cpp')
  
C:\Users\Wavid Bowman\Documents\GitHub\Wavid-Bowman_Professional\Team\Word Sort Hangman\GameFiles\SFML3\Objects.h(181,23): warning C4305: 'argument': truncation from 'double' to 'float'
  (compiling source file 'Gameboard.cpp')
  
C:\Users\Wavid Bowman\Documents\GitHub\Wavid-Bowman_Professional\Team\Word Sort Hangman\GameFiles\SFML3\Objects.h(185,29): warning C4305: 'argument': truncation from 'double' to 'float'
  (compiling source file 'Gameboard.cpp')
  
C:\Users\Wavid Bowman\Documents\GitHub\Wavid-Bowman_Professional\Team\Word Sort Hangman\GameFiles\SFML3\Objects.h(185,23): warning C4305: 'argument': truncation from 'double' to 'float'
  (compiling source file 'Gameboard.cpp')
  
C:\Users\Wavid Bowman\Documents\GitHub\Wavid-Bowman_Professional\Team\Word Sort Hangman\GameFiles\SFML3\Gameboard.cpp(41,27): warning C4244: 'argument': conversion from 'double' to 'int', possible loss of data
C:\Users\Wavid Bowman\Documents\GitHub\Wavid-Bowman_Professional\Team\Word Sort Hangman\GameFiles\SFML3\Gameboard.cpp(41,20): warning C4244: 'argument': conversion from 'double' to 'int', possible loss of data
C:\Users\Wavid Bowman\Documents\GitHub\Wavid-Bowman_Professional\Team\Word Sort Hangman\GameFiles\SFML3\Gameboard.cpp(45,20): warning C4244: 'argument': conversion from 'double' to 'int', possible loss of data
C:\Users\Wavid Bowman\Documents\GitHub\Wavid-Bowman_Professional\Team\Word Sort Hangman\GameFiles\SFML3\Gameboard.cpp(49,20): warning C4244: 'argument': conversion from 'double' to 'int', possible loss of data
C:\Users\Wavid Bowman\Documents\GitHub\Wavid-Bowman_Professional\Team\Word Sort Hangman\GameFiles\SFML3\Gameboard.cpp(53,28): warning C4244: 'argument': conversion from 'double' to 'int', possible loss of data
C:\Users\Wavid Bowman\Documents\GitHub\Wavid-Bowman_Professional\Team\Word Sort Hangman\GameFiles\SFML3\Gameboard.cpp(53,20): warning C4244: 'argument': conversion from 'double' to 'int', possible loss of data
C:\Users\Wavid Bowman\Documents\GitHub\Wavid-Bowman_Professional\Team\Word Sort Hangman\GameFiles\SFML3\Gameboard.cpp(61,28): warning C4244: 'argument': conversion from 'double' to 'int', possible loss of data
C:\Users\Wavid Bowman\Documents\GitHub\Wavid-Bowman_Professional\Team\Word Sort Hangman\GameFiles\SFML3\Gameboard.cpp(61,20): warning C4244: 'argument': conversion from 'double' to 'int', possible loss of data
C:\Users\Wavid Bowman\Documents\GitHub\Wavid-Bowman_Professional\Team\Word Sort Hangman\GameFiles\SFML3\Gameboard.cpp(65,28): warning C4244: 'argument': conversion from 'double' to 'int', possible loss of data
C:\Users\Wavid Bowman\Documents\GitHub\Wavid-Bowman_Professional\Team\Word Sort Hangman\GameFiles\SFML3\Gameboard.cpp(65,20): warning C4244: 'argument': conversion from 'double' to 'int', possible loss of data
C:\Users\Wavid Bowman\Documents\GitHub\Wavid-Bowman_Professional\Team\Word Sort Hangman\GameFiles\SFML3\Gameboard.cpp(69,28): warning C4244: 'argument': conversion from 'double' to 'int', possible loss of data
C:\Users\Wavid Bowman\Documents\GitHub\Wavid-Bowman_Professional\Team\Word Sort Hangman\GameFiles\SFML3\Gameboard.cpp(69,20): warning C4244: 'argument': conversion from 'double' to 'int', possible loss of data
C:\Users\Wavid Bowman\Documents\GitHub\Wavid-Bowman_Professional\Team\Word Sort Hangman\GameFiles\SFML3\Gameboard.cpp(73,20): warning C4244: 'argument': conversion from 'double' to 'int', possible loss of data
C:\Users\Wavid Bowman\Documents\GitHub\Wavid-Bowman_Professional\Team\Word Sort Hangman\GameFiles\SFML3\Gameboard.cpp(77,28): warning C4244: 'argument': conversion from 'double' to 'int', possible loss of data
C:\Users\Wavid Bowman\Documents\GitHub\Wavid-Bowman_Professional\Team\Word Sort Hangman\GameFiles\SFML3\Gameboard.cpp(77,20): warning C4244: 'argument': conversion from 'double' to 'int', possible loss of data
C:\Users\Wavid Bowman\Documents\GitHub\Wavid-Bowman_Professional\Team\Word Sort Hangman\GameFiles\SFML3\Gameboard.cpp(81,28): warning C4244: 'argument': conversion from 'double' to 'int', possible loss of data
C:\Users\Wavid Bowman\Documents\GitHub\Wavid-Bowman_Professional\Team\Word Sort Hangman\GameFiles\SFML3\Gameboard.cpp(81,20): warning C4244: 'argument': conversion from 'double' to 'int', possible loss of data
C:\Users\Wavid Bowman\Documents\GitHub\Wavid-Bowman_Professional\Team\Word Sort Hangman\GameFiles\SFML3\Gameboard.cpp(85,28): warning C4244: 'argument': conversion from 'double' to 'int', possible loss of data
C:\Users\Wavid Bowman\Documents\GitHub\Wavid-Bowman_Professional\Team\Word Sort Hangman\GameFiles\SFML3\Gameboard.cpp(85,20): warning C4244: 'argument': conversion from 'double' to 'int', possible loss of data
C:\Users\Wavid Bowman\Documents\GitHub\Wavid-Bowman_Professional\Team\Word Sort Hangman\GameFiles\SFML3\Gameboard.cpp(89,20): warning C4244: 'argument': conversion from 'double' to 'int', possible loss of data
C:\Users\Wavid Bowman\Documents\GitHub\Wavid-Bowman_Professional\Team\Word Sort Hangman\GameFiles\SFML3\Gameboard.cpp(93,20): warning C4244: 'argument': conversion from 'double' to 'int', possible loss of data
C:\Users\Wavid Bowman\Documents\GitHub\Wavid-Bowman_Professional\Team\Word Sort Hangman\GameFiles\SFML3\Gameboard.cpp(101,20): warning C4244: 'argument': conversion from 'double' to 'int', possible loss of data
C:\Users\Wavid Bowman\Documents\GitHub\Wavid-Bowman_Professional\Team\Word Sort Hangman\GameFiles\SFML3\Gameboard.cpp(109,20): warning C4244: 'argument': conversion from 'double' to 'int', possible loss of data
C:\Users\Wavid Bowman\Documents\GitHub\Wavid-Bowman_Professional\Team\Word Sort Hangman\GameFiles\SFML3\Gameboard.cpp(113,28): warning C4244: 'argument': conversion from 'double' to 'int', possible loss of data
C:\Users\Wavid Bowman\Documents\GitHub\Wavid-Bowman_Professional\Team\Word Sort Hangman\GameFiles\SFML3\Gameboard.cpp(113,20): warning C4244: 'argument': conversion from 'double' to 'int', possible loss of data
C:\Users\Wavid Bowman\Documents\GitHub\Wavid-Bowman_Professional\Team\Word Sort Hangman\GameFiles\SFML3\Gameboard.cpp(125,20): warning C4244: 'argument': conversion from 'double' to 'int', possible loss of data
C:\Users\Wavid Bowman\Documents\GitHub\Wavid-Bowman_Professional\Team\Word Sort Hangman\GameFiles\SFML3\Gameboard.cpp(129,20): warning C4244: 'argument': conversion from 'double' to 'int', possible loss of data
C:\Users\Wavid Bowman\Documents\GitHub\Wavid-Bowman_Professional\Team\Word Sort Hangman\GameFiles\SFML3\Gameboard.cpp(133,20): warning C4244: 'argument': conversion from 'double' to 'int', possible loss of data
C:\Users\Wavid Bowman\Documents\GitHub\Wavid-Bowman_Professional\Team\Word Sort Hangman\GameFiles\SFML3\Gameboard.cpp(137,20): warning C4244: 'argument': conversion from 'double' to 'int', possible loss of data
C:\Users\Wavid Bowman\Documents\GitHub\Wavid-Bowman_Professional\Team\Word Sort Hangman\GameFiles\SFML3\Gameboard.cpp(141,20): warning C4244: 'argument': conversion from 'double' to 'int', possible loss of data
C:\Users\Wavid Bowman\Documents\GitHub\Wavid-Bowman_Professional\Team\Word Sort Hangman\GameFiles\SFML3\Gameboard.cpp(176,28): warning C4244: 'argument': conversion from 'double' to 'int', possible loss of data
C:\Users\Wavid Bowman\Documents\GitHub\Wavid-Bowman_Professional\Team\Word Sort Hangman\GameFiles\SFML3\Gameboard.cpp(179,13): warning C4244: '=': conversion from 'double' to 'int', possible loss of data
C:\Users\Wavid Bowman\Documents\GitHub\Wavid-Bowman_Professional\Team\Word Sort Hangman\GameFiles\SFML3\Gameboard.cpp(182,29): warning C4244: 'argument': conversion from 'double' to 'int', possible loss of data
C:\Users\Wavid Bowman\Documents\GitHub\Wavid-Bowman_Professional\Team\Word Sort Hangman\GameFiles\SFML3\Gameboard.cpp(230,56): warning C4244: 'argument': conversion from 'T' to 'T', possible loss of data
C:\Users\Wavid Bowman\Documents\GitHub\Wavid-Bowman_Professional\Team\Word Sort Hangman\GameFiles\SFML3\Gameboard.cpp(230,56): warning C4244:         with
C:\Users\Wavid Bowman\Documents\GitHub\Wavid-Bowman_Professional\Team\Word Sort Hangman\GameFiles\SFML3\Gameboard.cpp(230,56): warning C4244:         [
C:\Users\Wavid Bowman\Documents\GitHub\Wavid-Bowman_Professional\Team\Word Sort Hangman\GameFiles\SFML3\Gameboard.cpp(230,56): warning C4244:             T=int
C:\Users\Wavid Bowman\Documents\GitHub\Wavid-Bowman_Professional\Team\Word Sort Hangman\GameFiles\SFML3\Gameboard.cpp(230,56): warning C4244:         ]
C:\Users\Wavid Bowman\Documents\GitHub\Wavid-Bowman_Professional\Team\Word Sort Hangman\GameFiles\SFML3\Gameboard.cpp(230,56): warning C4244:         and
C:\Users\Wavid Bowman\Documents\GitHub\Wavid-Bowman_Professional\Team\Word Sort Hangman\GameFiles\SFML3\Gameboard.cpp(230,56): warning C4244:         [
C:\Users\Wavid Bowman\Documents\GitHub\Wavid-Bowman_Professional\Team\Word Sort Hangman\GameFiles\SFML3\Gameboard.cpp(230,56): warning C4244:             T=float
C:\Users\Wavid Bowman\Documents\GitHub\Wavid-Bowman_Professional\Team\Word Sort Hangman\GameFiles\SFML3\Gameboard.cpp(230,56): warning C4244:         ]
C:\Users\Wavid Bowman\Documents\GitHub\Wavid-Bowman_Professional\Team\Word Sort Hangman\GameFiles\SFML3\Gameboard.cpp(230,39): warning C4244: 'argument': conversion from 'T' to 'T', possible loss of data
C:\Users\Wavid Bowman\Documents\GitHub\Wavid-Bowman_Professional\Team\Word Sort Hangman\GameFiles\SFML3\Gameboard.cpp(230,39): warning C4244:         with
C:\Users\Wavid Bowman\Documents\GitHub\Wavid-Bowman_Professional\Team\Word Sort Hangman\GameFiles\SFML3\Gameboard.cpp(230,39): warning C4244:         [
C:\Users\Wavid Bowman\Documents\GitHub\Wavid-Bowman_Professional\Team\Word Sort Hangman\GameFiles\SFML3\Gameboard.cpp(230,39): warning C4244:             T=int
C:\Users\Wavid Bowman\Documents\GitHub\Wavid-Bowman_Professional\Team\Word Sort Hangman\GameFiles\SFML3\Gameboard.cpp(230,39): warning C4244:         ]
C:\Users\Wavid Bowman\Documents\GitHub\Wavid-Bowman_Professional\Team\Word Sort Hangman\GameFiles\SFML3\Gameboard.cpp(230,39): warning C4244:         and
C:\Users\Wavid Bowman\Documents\GitHub\Wavid-Bowman_Professional\Team\Word Sort Hangman\GameFiles\SFML3\Gameboard.cpp(230,39): warning C4244:         [
C:\Users\Wavid Bowman\Documents\GitHub\Wavid-Bowman_Professional\Team\Word Sort Hangman\GameFiles\SFML3\Gameboard.cpp(230,39): warning C4244:             T=float
C:\Users\Wavid Bowman\Documents\GitHub\Wavid-Bowman_Professional\Team\Word Sort Hangman\GameFiles\SFML3\Gameboard.cpp(230,39): warning C4244:         ]
C:\Users\Wavid Bowman\Documents\GitHub\Wavid-Bowman_Professional\Team\Word Sort Hangman\GameFiles\SFML3\Gameboard.cpp(288,178): warning C4244: 'argument': conversion from 'T' to 'int', possible loss of data
C:\Users\Wavid Bowman\Documents\GitHub\Wavid-Bowman_Professional\Team\Word Sort Hangman\GameFiles\SFML3\Gameboard.cpp(288,178): warning C4244:         with
C:\Users\Wavid Bowman\Documents\GitHub\Wavid-Bowman_Professional\Team\Word Sort Hangman\GameFiles\SFML3\Gameboard.cpp(288,178): warning C4244:         [
C:\Users\Wavid Bowman\Documents\GitHub\Wavid-Bowman_Professional\Team\Word Sort Hangman\GameFiles\SFML3\Gameboard.cpp(288,178): warning C4244:             T=float
C:\Users\Wavid Bowman\Documents\GitHub\Wavid-Bowman_Professional\Team\Word Sort Hangman\GameFiles\SFML3\Gameboard.cpp(288,178): warning C4244:         ]
C:\Users\Wavid Bowman\Documents\GitHub\Wavid-Bowman_Professional\Team\Word Sort Hangman\GameFiles\SFML3\Gameboard.cpp(288,113): warning C4244: 'argument': conversion from 'const T' to 'int', possible loss of data
C:\Users\Wavid Bowman\Documents\GitHub\Wavid-Bowman_Professional\Team\Word Sort Hangman\GameFiles\SFML3\Gameboard.cpp(288,113): warning C4244:         with
C:\Users\Wavid Bowman\Documents\GitHub\Wavid-Bowman_Professional\Team\Word Sort Hangman\GameFiles\SFML3\Gameboard.cpp(288,113): warning C4244:         [
C:\Users\Wavid Bowman\Documents\GitHub\Wavid-Bowman_Professional\Team\Word Sort Hangman\GameFiles\SFML3\Gameboard.cpp(288,113): warning C4244:             T=float
C:\Users\Wavid Bowman\Documents\GitHub\Wavid-Bowman_Professional\Team\Word Sort Hangman\GameFiles\SFML3\Gameboard.cpp(288,113): warning C4244:         ]
C:\Users\Wavid Bowman\Documents\GitHub\Wavid-Bowman_Professional\Team\Word Sort Hangman\GameFiles\SFML3\Gameboard.cpp(341,99): warning C4244: 'argument': conversion from 'T' to 'T', possible loss of data
C:\Users\Wavid Bowman\Documents\GitHub\Wavid-Bowman_Professional\Team\Word Sort Hangman\GameFiles\SFML3\Gameboard.cpp(341,99): warning C4244:         with
C:\Users\Wavid Bowman\Documents\GitHub\Wavid-Bowman_Professional\Team\Word Sort Hangman\GameFiles\SFML3\Gameboard.cpp(341,99): warning C4244:         [
C:\Users\Wavid Bowman\Documents\GitHub\Wavid-Bowman_Professional\Team\Word Sort Hangman\GameFiles\SFML3\Gameboard.cpp(341,99): warning C4244:             T=unsigned int
C:\Users\Wavid Bowman\Documents\GitHub\Wavid-Bowman_Professional\Team\Word Sort Hangman\GameFiles\SFML3\Gameboard.cpp(341,99): warning C4244:         ]
C:\Users\Wavid Bowman\Documents\GitHub\Wavid-Bowman_Professional\Team\Word Sort Hangman\GameFiles\SFML3\Gameboard.cpp(341,99): warning C4244:         and
C:\Users\Wavid Bowman\Documents\GitHub\Wavid-Bowman_Professional\Team\Word Sort Hangman\GameFiles\SFML3\Gameboard.cpp(341,99): warning C4244:         [
C:\Users\Wavid Bowman\Documents\GitHub\Wavid-Bowman_Professional\Team\Word Sort Hangman\GameFiles\SFML3\Gameboard.cpp(341,99): warning C4244:             T=float
C:\Users\Wavid Bowman\Documents\GitHub\Wavid-Bowman_Professional\Team\Word Sort Hangman\GameFiles\SFML3\Gameboard.cpp(341,99): warning C4244:         ]
C:\Users\Wavid Bowman\Documents\GitHub\Wavid-Bowman_Professional\Team\Word Sort Hangman\GameFiles\SFML3\Gameboard.cpp(341,53): warning C4244: 'argument': conversion from 'T' to 'T', possible loss of data
C:\Users\Wavid Bowman\Documents\GitHub\Wavid-Bowman_Professional\Team\Word Sort Hangman\GameFiles\SFML3\Gameboard.cpp(341,53): warning C4244:         with
C:\Users\Wavid Bowman\Documents\GitHub\Wavid-Bowman_Professional\Team\Word Sort Hangman\GameFiles\SFML3\Gameboard.cpp(341,53): warning C4244:         [
C:\Users\Wavid Bowman\Documents\GitHub\Wavid-Bowman_Professional\Team\Word Sort Hangman\GameFiles\SFML3\Gameboard.cpp(341,53): warning C4244:             T=unsigned int
C:\Users\Wavid Bowman\Documents\GitHub\Wavid-Bowman_Professional\Team\Word Sort Hangman\GameFiles\SFML3\Gameboard.cpp(341,53): warning C4244:         ]
C:\Users\Wavid Bowman\Documents\GitHub\Wavid-Bowman_Professional\Team\Word Sort Hangman\GameFiles\SFML3\Gameboard.cpp(341,53): warning C4244:         and
C:\Users\Wavid Bowman\Documents\GitHub\Wavid-Bowman_Professional\Team\Word Sort Hangman\GameFiles\SFML3\Gameboard.cpp(341,53): warning C4244:         [
C:\Users\Wavid Bowman\Documents\GitHub\Wavid-Bowman_Professional\Team\Word Sort Hangman\GameFiles\SFML3\Gameboard.cpp(341,53): warning C4244:             T=float
C:\Users\Wavid Bowman\Documents\GitHub\Wavid-Bowman_Professional\Team\Word Sort Hangman\GameFiles\SFML3\Gameboard.cpp(341,53): warning C4244:         ]
C:\Users\Wavid Bowman\Documents\GitHub\Wavid-Bowman_Professional\Team\Word Sort Hangman\GameFiles\SFML3\Gameboard.cpp(420,20): warning C4018: '<': signed/unsigned mismatch
C:\Users\Wavid Bowman\Documents\GitHub\Wavid-Bowman_Professional\Team\Word Sort Hangman\GameFiles\SFML3\Gameboard.cpp(423,37): warning C4244: 'argument': conversion from 'int' to 'float', possible loss of data
C:\Users\Wavid Bowman\Documents\GitHub\Wavid-Bowman_Professional\Team\Word Sort Hangman\GameFiles\SFML3\Gameboard.cpp(431,20): warning C4018: '<': signed/unsigned mismatch
C:\Users\Wavid Bowman\Documents\GitHub\Wavid-Bowman_Professional\Team\Word Sort Hangman\GameFiles\SFML3\Gameboard.cpp(435,21): warning C4018: '<': signed/unsigned mismatch
C:\Users\Wavid Bowman\Documents\GitHub\Wavid-Bowman_Professional\Team\Word Sort Hangman\GameFiles\SFML3\Gameboard.cpp(439,34): warning C4305: 'argument': truncation from 'double' to 'float'
C:\Users\Wavid Bowman\Documents\GitHub\Wavid-Bowman_Professional\Team\Word Sort Hangman\GameFiles\SFML3\Gameboard.cpp(439,29): warning C4305: 'argument': truncation from 'double' to 'float'
C:\Users\Wavid Bowman\Documents\GitHub\Wavid-Bowman_Professional\Team\Word Sort Hangman\GameFiles\SFML3\Gameboard.cpp(440,63): warning C4244: 'argument': conversion from 'int' to 'float', possible loss of data
C:\Users\Wavid Bowman\Documents\GitHub\Wavid-Bowman_Professional\Team\Word Sort Hangman\GameFiles\SFML3\Gameboard.cpp(440,44): warning C4244: 'argument': conversion from 'int' to 'float', possible loss of data
  main.cpp
C:\Users\Wavid Bowman\Documents\GitHub\Wavid-Bowman_Professional\Team\Word Sort Hangman\GameFiles\SFML3\Objects.h(40,28): warning C4244: 'argument': conversion from 'int' to 'float', possible loss of data
  (compiling source file 'main.cpp')
  
C:\Users\Wavid Bowman\Documents\GitHub\Wavid-Bowman_Professional\Team\Word Sort Hangman\GameFiles\SFML3\Objects.h(40,25): warning C4244: 'argument': conversion from 'int' to 'float', possible loss of data
  (compiling source file 'main.cpp')
  
C:\Users\Wavid Bowman\Documents\GitHub\Wavid-Bowman_Professional\Team\Word Sort Hangman\GameFiles\SFML3\Objects.h(47,29): warning C4305: 'argument': truncation from 'double' to 'float'
  (compiling source file 'main.cpp')
  
C:\Users\Wavid Bowman\Documents\GitHub\Wavid-Bowman_Professional\Team\Word Sort Hangman\GameFiles\SFML3\Objects.h(47,23): warning C4305: 'argument': truncation from 'double' to 'float'
  (compiling source file 'main.cpp')
  
C:\Users\Wavid Bowman\Documents\GitHub\Wavid-Bowman_Professional\Team\Word Sort Hangman\GameFiles\SFML3\Objects.h(50,28): warning C4305: 'argument': truncation from 'double' to 'float'
  (compiling source file 'main.cpp')
  
C:\Users\Wavid Bowman\Documents\GitHub\Wavid-Bowman_Professional\Team\Word Sort Hangman\GameFiles\SFML3\Objects.h(50,23): warning C4305: 'argument': truncation from 'double' to 'float'
  (compiling source file 'main.cpp')
  
C:\Users\Wavid Bowman\Documents\GitHub\Wavid-Bowman_Professional\Team\Word Sort Hangman\GameFiles\SFML3\Objects.h(58,28): warning C4305: 'argument': truncation from 'double' to 'float'
  (compiling source file 'main.cpp')
  
C:\Users\Wavid Bowman\Documents\GitHub\Wavid-Bowman_Professional\Team\Word Sort Hangman\GameFiles\SFML3\Objects.h(58,23): warning C4305: 'argument': truncation from 'double' to 'float'
  (compiling source file 'main.cpp')
  
C:\Users\Wavid Bowman\Documents\GitHub\Wavid-Bowman_Professional\Team\Word Sort Hangman\GameFiles\SFML3\Objects.h(68,28): warning C4305: 'argument': truncation from 'double' to 'float'
  (compiling source file 'main.cpp')
  
C:\Users\Wavid Bowman\Documents\GitHub\Wavid-Bowman_Professional\Team\Word Sort Hangman\GameFiles\SFML3\Objects.h(68,23): warning C4305: 'argument': truncation from 'double' to 'float'
  (compiling source file 'main.cpp')
  
C:\Users\Wavid Bowman\Documents\GitHub\Wavid-Bowman_Professional\Team\Word Sort Hangman\GameFiles\SFML3\Objects.h(165,29): warning C4305: 'argument': truncation from 'double' to 'float'
  (compiling source file 'main.cpp')
  
C:\Users\Wavid Bowman\Documents\GitHub\Wavid-Bowman_Professional\Team\Word Sort Hangman\GameFiles\SFML3\Objects.h(165,23): warning C4305: 'argument': truncation from 'double' to 'float'
  (compiling source file 'main.cpp')
  
C:\Users\Wavid Bowman\Documents\GitHub\Wavid-Bowman_Professional\Team\Word Sort Hangman\GameFiles\SFML3\Objects.h(169,29): warning C4305: 'argument': truncation from 'double' to 'float'
  (compiling source file 'main.cpp')
  
C:\Users\Wavid Bowman\Documents\GitHub\Wavid-Bowman_Professional\Team\Word Sort Hangman\GameFiles\SFML3\Objects.h(169,23): warning C4305: 'argument': truncation from 'double' to 'float'
  (compiling source file 'main.cpp')
  
C:\Users\Wavid Bowman\Documents\GitHub\Wavid-Bowman_Professional\Team\Word Sort Hangman\GameFiles\SFML3\Objects.h(173,29): warning C4305: 'argument': truncation from 'double' to 'float'
  (compiling source file 'main.cpp')
  
C:\Users\Wavid Bowman\Documents\GitHub\Wavid-Bowman_Professional\Team\Word Sort Hangman\GameFiles\SFML3\Objects.h(173,23): warning C4305: 'argument': truncation from 'double' to 'float'
  (compiling source file 'main.cpp')
  
C:\Users\Wavid Bowman\Documents\GitHub\Wavid-Bowman_Professional\Team\Word Sort Hangman\GameFiles\SFML3\Objects.h(177,29): warning C4305: 'argument': truncation from 'double' to 'float'
  (compiling source file 'main.cpp')
  
C:\Users\Wavid Bowman\Documents\GitHub\Wavid-Bowman_Professional\Team\Word Sort Hangman\GameFiles\SFML3\Objects.h(177,23): warning C4305: 'argument': truncation from 'double' to 'float'
  (compiling source file 'main.cpp')
  
C:\Users\Wavid Bowman\Documents\GitHub\Wavid-Bowman_Professional\Team\Word Sort Hangman\GameFiles\SFML3\Objects.h(181,29): warning C4305: 'argument': truncation from 'double' to 'float'
  (compiling source file 'main.cpp')
  
C:\Users\Wavid Bowman\Documents\GitHub\Wavid-Bowman_Professional\Team\Word Sort Hangman\GameFiles\SFML3\Objects.h(181,23): warning C4305: 'argument': truncation from 'double' to 'float'
  (compiling source file 'main.cpp')
  
C:\Users\Wavid Bowman\Documents\GitHub\Wavid-Bowman_Professional\Team\Word Sort Hangman\GameFiles\SFML3\Objects.h(185,29): warning C4305: 'argument': truncation from 'double' to 'float'
  (compiling source file 'main.cpp')
  
C:\Users\Wavid Bowman\Documents\GitHub\Wavid-Bowman_Professional\Team\Word Sort Hangman\GameFiles\SFML3\Objects.h(185,23): warning C4305: 'argument': truncation from 'double' to 'float'
  (compiling source file 'main.cpp')
  
  Objects.cpp
C:\Users\Wavid Bowman\Documents\GitHub\Wavid-Bowman_Professional\Team\Word Sort Hangman\GameFiles\SFML3\Objects.h(40,28): warning C4244: 'argument': conversion from 'int' to 'float', possible loss of data
  (compiling source file 'Objects.cpp')
  
C:\Users\Wavid Bowman\Documents\GitHub\Wavid-Bowman_Professional\Team\Word Sort Hangman\GameFiles\SFML3\Objects.h(40,25): warning C4244: 'argument': conversion from 'int' to 'float', possible loss of data
  (compiling source file 'Objects.cpp')
  
C:\Users\Wavid Bowman\Documents\GitHub\Wavid-Bowman_Professional\Team\Word Sort Hangman\GameFiles\SFML3\Objects.h(47,29): warning C4305: 'argument': truncation from 'double' to 'float'
  (compiling source file 'Objects.cpp')
  
C:\Users\Wavid Bowman\Documents\GitHub\Wavid-Bowman_Professional\Team\Word Sort Hangman\GameFiles\SFML3\Objects.h(47,23): warning C4305: 'argument': truncation from 'double' to 'float'
  (compiling source file 'Objects.cpp')
  
C:\Users\Wavid Bowman\Documents\GitHub\Wavid-Bowman_Professional\Team\Word Sort Hangman\GameFiles\SFML3\Objects.h(50,28): warning C4305: 'argument': truncation from 'double' to 'float'
  (compiling source file 'Objects.cpp')
  
C:\Users\Wavid Bowman\Documents\GitHub\Wavid-Bowman_Professional\Team\Word Sort Hangman\GameFiles\SFML3\Objects.h(50,23): warning C4305: 'argument': truncation from 'double' to 'float'
  (compiling source file 'Objects.cpp')
  
C:\Users\Wavid Bowman\Documents\GitHub\Wavid-Bowman_Professional\Team\Word Sort Hangman\GameFiles\SFML3\Objects.h(58,28): warning C4305: 'argument': truncation from 'double' to 'float'
  (compiling source file 'Objects.cpp')
  
C:\Users\Wavid Bowman\Documents\GitHub\Wavid-Bowman_Professional\Team\Word Sort Hangman\GameFiles\SFML3\Objects.h(58,23): warning C4305: 'argument': truncation from 'double' to 'float'
  (compiling source file 'Objects.cpp')
  
C:\Users\Wavid Bowman\Documents\GitHub\Wavid-Bowman_Professional\Team\Word Sort Hangman\GameFiles\SFML3\Objects.h(68,28): warning C4305: 'argument': truncation from 'double' to 'float'
  (compiling source file 'Objects.cpp')
  
C:\Users\Wavid Bowman\Documents\GitHub\Wavid-Bowman_Professional\Team\Word Sort Hangman\GameFiles\SFML3\Objects.h(68,23): warning C4305: 'argument': truncation from 'double' to 'float'
  (compiling source file 'Objects.cpp')
  
C:\Users\Wavid Bowman\Documents\GitHub\Wavid-Bowman_Professional\Team\Word Sort Hangman\GameFiles\SFML3\Objects.h(165,29): warning C4305: 'argument': truncation from 'double' to 'float'
  (compiling source file 'Objects.cpp')
  
C:\Users\Wavid Bowman\Documents\GitHub\Wavid-Bowman_Professional\Team\Word Sort Hangman\GameFiles\SFML3\Objects.h(165,23): warning C4305: 'argument': truncation from 'double' to 'float'
  (compiling source file 'Objects.cpp')
  
C:\Users\Wavid Bowman\Documents\GitHub\Wavid-Bowman_Professional\Team\Word Sort Hangman\GameFiles\SFML3\Objects.h(169,29): warning C4305: 'argument': truncation from 'double' to 'float'
  (compiling source file 'Objects.cpp')
  
C:\Users\Wavid Bowman\Documents\GitHub\Wavid-Bowman_Professional\Team\Word Sort Hangman\GameFiles\SFML3\Objects.h(169,23): warning C4305: 'argument': truncation from 'double' to 'float'
  (compiling source file 'Objects.cpp')
  
C:\Users\Wavid Bowman\Documents\GitHub\Wavid-Bowman_Professional\Team\Word Sort Hangman\GameFiles\SFML3\Objects.h(173,29): warning C4305: 'argument': truncation from 'double' to 'float'
  (compiling source file 'Objects.cpp')
  
C:\Users\Wavid Bowman\Documents\GitHub\Wavid-Bowman_Professional\Team\Word Sort Hangman\GameFiles\SFML3\Objects.h(173,23): warning C4305: 'argument': truncation from 'double' to 'float'
  (compiling source file 'Objects.cpp')
  
C:\Users\Wavid Bowman\Documents\GitHub\Wavid-Bowman_Professional\Team\Word Sort Hangman\GameFiles\SFML3\Objects.h(177,29): warning C4305: 'argument': truncation from 'double' to 'float'
  (compiling source file 'Objects.cpp')
  
C:\Users\Wavid Bowman\Documents\GitHub\Wavid-Bowman_Professional\Team\Word Sort Hangman\GameFiles\SFML3\Objects.h(177,23): warning C4305: 'argument': truncation from 'double' to 'float'
  (compiling source file 'Objects.cpp')
  
C:\Users\Wavid Bowman\Documents\GitHub\Wavid-Bowman_Professional\Team\Word Sort Hangman\GameFiles\SFML3\Objects.h(181,29): warning C4305: 'argument': truncation from 'double' to 'float'
  (compiling source file 'Objects.cpp')
  
C:\Users\Wavid Bowman\Documents\GitHub\Wavid-Bowman_Professional\Team\Word Sort Hangman\GameFiles\SFML3\Objects.h(181,23): warning C4305: 'argument': truncation from 'double' to 'float'
  (compiling source file 'Objects.cpp')
  
C:\Users\Wavid Bowman\Documents\GitHub\Wavid-Bowman_Professional\Team\Word Sort Hangman\GameFiles\SFML3\Objects.h(185,29): warning C4305: 'argument': truncation from 'double' to 'float'
  (compiling source file 'Objects.cpp')
  
C:\Users\Wavid Bowman\Documents\GitHub\Wavid-Bowman_Professional\Team\Word Sort Hangman\GameFiles\SFML3\Objects.h(185,23): warning C4305: 'argument': truncation from 'double' to 'float'
  (compiling source file 'Objects.cpp')
  
  Sorting.cpp
C:\Users\Wavid Bowman\Documents\GitHub\Wavid-Bowman_Professional\Team\Word Sort Hangman\GameFiles\SFML3\Sorting.cpp(25,20): warning C4244: '=': conversion from 'double' to 'int', possible loss of data
C:\Users\Wavid Bowman\Documents\GitHub\Wavid-Bowman_Professional\Team\Word Sort Hangman\GameFiles\SFML3\Sorting.cpp(271,20): warning C4244: '=': conversion from 'double' to 'int', possible loss of data
  TextureManager.cpp
  words.cpp
C:\Users\Wavid Bowman\Documents\GitHub\Wavid-Bowman_Professional\Team\Word Sort Hangman\GameFiles\SFML3\words.cpp(9,23): warning C4018: '<': signed/unsigned mismatch
  Generating Code...
sfml-graphics-s-d.lib(BlendMode.obj) : warning LNK4099: PDB '' was not found with 'sfml-graphics-s-d.lib(BlendMode.obj)' or at ''; linking object as if no debug info
sfml-graphics-s-d.lib(Color.obj) : warning LNK4099: PDB '' was not found with 'sfml-graphics-s-d.lib(Color.obj)' or at ''; linking object as if no debug info
sfml-graphics-s-d.lib(Glsl.obj) : warning LNK4099: PDB '' was not found with 'sfml-graphics-s-d.lib(Glsl.obj)' or at ''; linking object as if no debug info
sfml-graphics-s-d.lib(GLCheck.obj) : warning LNK4099: PDB '' was not found with 'sfml-graphics-s-d.lib(GLCheck.obj)' or at ''; linking object as if no debug info
sfml-graphics-s-d.lib(GLExtensions.obj) : warning LNK4099: PDB '' was not found with 'sfml-graphics-s-d.lib(GLExtensions.obj)' or at ''; linking object as if no debug info
sfml-graphics-s-d.lib(Image.obj) : warning LNK4099: PDB '' was not found with 'sfml-graphics-s-d.lib(Image.obj)' or at ''; linking object as if no debug info
sfml-graphics-s-d.lib(ImageLoader.obj) : warning LNK4099: PDB '' was not found with 'sfml-graphics-s-d.lib(ImageLoader.obj)' or at ''; linking object as if no debug info
sfml-graphics-s-d.lib(RenderStates.obj) : warning LNK4099: PDB '' was not found with 'sfml-graphics-s-d.lib(RenderStates.obj)' or at ''; linking object as if no debug info
sfml-graphics-s-d.lib(RenderTarget.obj) : warning LNK4099: PDB '' was not found with 'sfml-graphics-s-d.lib(RenderTarget.obj)' or at ''; linking object as if no debug info
sfml-graphics-s-d.lib(RenderWindow.obj) : warning LNK4099: PDB '' was not found with 'sfml-graphics-s-d.lib(RenderWindow.obj)' or at ''; linking object as if no debug info
sfml-graphics-s-d.lib(Shader.obj) : warning LNK4099: PDB '' was not found with 'sfml-graphics-s-d.lib(Shader.obj)' or at ''; linking object as if no debug info
sfml-graphics-s-d.lib(Texture.obj) : warning LNK4099: PDB '' was not found with 'sfml-graphics-s-d.lib(Texture.obj)' or at ''; linking object as if no debug info
sfml-graphics-s-d.lib(TextureSaver.obj) : warning LNK4099: PDB '' was not found with 'sfml-graphics-s-d.lib(TextureSaver.obj)' or at ''; linking object as if no debug info
sfml-graphics-s-d.lib(Transform.obj) : warning LNK4099: PDB '' was not found with 'sfml-graphics-s-d.lib(Transform.obj)' or at ''; linking object as if no debug info
sfml-graphics-s-d.lib(Transformable.obj) : warning LNK4099: PDB '' was not found with 'sfml-graphics-s-d.lib(Transformable.obj)' or at ''; linking object as if no debug info
sfml-graphics-s-d.lib(View.obj) : warning LNK4099: PDB '' was not found with 'sfml-graphics-s-d.lib(View.obj)' or at ''; linking object as if no debug info
sfml-graphics-s-d.lib(Vertex.obj) : warning LNK4099: PDB '' was not found with 'sfml-graphics-s-d.lib(Vertex.obj)' or at ''; linking object as if no debug info
sfml-graphics-s-d.lib(Shape.obj) : warning LNK4099: PDB '' was not found with 'sfml-graphics-s-d.lib(Shape.obj)' or at ''; linking object as if no debug info
sfml-graphics-s-d.lib(RectangleShape.obj) : warning LNK4099: PDB '' was not found with 'sfml-graphics-s-d.lib(RectangleShape.obj)' or at ''; linking object as if no debug info
sfml-graphics-s-d.lib(Sprite.obj) : warning LNK4099: PDB '' was not found with 'sfml-graphics-s-d.lib(Sprite.obj)' or at ''; linking object as if no debug info
sfml-graphics-s-d.lib(VertexArray.obj) : warning LNK4099: PDB '' was not found with 'sfml-graphics-s-d.lib(VertexArray.obj)' or at ''; linking object as if no debug info
sfml-graphics-s-d.lib(VertexBuffer.obj) : warning LNK4099: PDB '' was not found with 'sfml-graphics-s-d.lib(VertexBuffer.obj)' or at ''; linking object as if no debug info
sfml-graphics-s-d.lib(RenderTextureImpl.obj) : warning LNK4099: PDB '' was not found with 'sfml-graphics-s-d.lib(RenderTextureImpl.obj)' or at ''; linking object as if no debug info
sfml-graphics-s-d.lib(RenderTextureImplFBO.obj) : warning LNK4099: PDB '' was not found with 'sfml-graphics-s-d.lib(RenderTextureImplFBO.obj)' or at ''; linking object as if no debug info
sfml-window-s-d.lib(Context.obj) : warning LNK4099: PDB '' was not found with 'sfml-window-s-d.lib(Context.obj)' or at ''; linking object as if no debug info
sfml-window-s-d.lib(Cursor.obj) : warning LNK4099: PDB '' was not found with 'sfml-window-s-d.lib(Cursor.obj)' or at ''; linking object as if no debug info
sfml-window-s-d.lib(GlContext.obj) : warning LNK4099: PDB '' was not found with 'sfml-window-s-d.lib(GlContext.obj)' or at ''; linking object as if no debug info
sfml-window-s-d.lib(GlResource.obj) : warning LNK4099: PDB '' was not found with 'sfml-window-s-d.lib(GlResource.obj)' or at ''; linking object as if no debug info
sfml-window-s-d.lib(Joystick.obj) : warning LNK4099: PDB '' was not found with 'sfml-window-s-d.lib(Joystick.obj)' or at ''; linking object as if no debug info
sfml-window-s-d.lib(JoystickManager.obj) : warning LNK4099: PDB '' was not found with 'sfml-window-s-d.lib(JoystickManager.obj)' or at ''; linking object as if no debug info
sfml-window-s-d.lib(Mouse.obj) : warning LNK4099: PDB '' was not found with 'sfml-window-s-d.lib(Mouse.obj)' or at ''; linking object as if no debug info
sfml-window-s-d.lib(SensorManager.obj) : warning LNK4099: PDB '' was not found with 'sfml-window-s-d.lib(SensorManager.obj)' or at ''; linking object as if no debug info
sfml-window-s-d.lib(VideoMode.obj) : warning LNK4099: PDB '' was not found with 'sfml-window-s-d.lib(VideoMode.obj)' or at ''; linking object as if no debug info
sfml-window-s-d.lib(Window.obj) : warning LNK4099: PDB '' was not found with 'sfml-window-s-d.lib(Window.obj)' or at ''; linking object as if no debug info
sfml-window-s-d.lib(WindowBase.obj) : warning LNK4099: PDB '' was not found with 'sfml-window-s-d.lib(WindowBase.obj)' or at ''; linking object as if no debug info
sfml-window-s-d.lib(WindowImpl.obj) : warning LNK4099: PDB '' was not found with 'sfml-window-s-d.lib(WindowImpl.obj)' or at ''; linking object as if no debug info
sfml-window-s-d.lib(CursorImpl.obj) : warning LNK4099: PDB '' was not found with 'sfml-window-s-d.lib(CursorImpl.obj)' or at ''; linking object as if no debug info
sfml-window-s-d.lib(InputImpl.obj) : warning LNK4099: PDB '' was not found with 'sfml-window-s-d.lib(InputImpl.obj)' or at ''; linking object as if no debug info
sfml-window-s-d.lib(JoystickImpl.obj) : warning LNK4099: PDB '' was not found with 'sfml-window-s-d.lib(JoystickImpl.obj)' or at ''; linking object as if no debug info
sfml-window-s-d.lib(SensorImpl.obj) : warning LNK4099: PDB '' was not found with 'sfml-window-s-d.lib(SensorImpl.obj)' or at ''; linking object as if no debug info
sfml-window-s-d.lib(VideoModeImpl.obj) : warning LNK4099: PDB '' was not found with 'sfml-window-s-d.lib(VideoModeImpl.obj)' or at ''; linking object as if no debug info
sfml-window-s-d.lib(VulkanImplWin32.obj) : warning LNK4099: PDB '' was not found with 'sfml-window-s-d.lib(VulkanImplWin32.obj)' or at ''; linking object as if no debug info
sfml-window-s-d.lib(WindowImplWin32.obj) : warning LNK4099: PDB '' was not found with 'sfml-window-s-d.lib(WindowImplWin32.obj)' or at ''; linking object as if no debug info
sfml-window-s-d.lib(WglContext.obj) : warning LNK4099: PDB '' was not found with 'sfml-window-s-d.lib(WglContext.obj)' or at ''; linking object as if no debug info
sfml-system-s-d.lib(Clock.obj) : warning LNK4099: PDB '' was not found with 'sfml-system-s-d.lib(Clock.obj)' or at ''; linking object as if no debug info
sfml-system-s-d.lib(Err.obj) : warning LNK4099: PDB '' was not found with 'sfml-system-s-d.lib(Err.obj)' or at ''; linking object as if no debug info
sfml-system-s-d.lib(Lock.obj) : warning LNK4099: PDB '' was not found with 'sfml-system-s-d.lib(Lock.obj)' or at ''; linking object as if no debug info
sfml-system-s-d.lib(Mutex.obj) : warning LNK4099: PDB '' was not found with 'sfml-system-s-d.lib(Mutex.obj)' or at ''; linking object as if no debug info
sfml-system-s-d.lib(Sleep.obj) : warning LNK4099: PDB '' was not found with 'sfml-system-s-d.lib(Sleep.obj)' or at ''; linking object as if no debug info
sfml-system-s-d.lib(String.obj) : warning LNK4099: PDB '' was not found with 'sfml-system-s-d.lib(String.obj)' or at ''; linking object as if no debug info
sfml-system-s-d.lib(ThreadLocal.obj) : warning LNK4099: PDB '' was not found with 'sfml-system-s-d.lib(ThreadLocal.obj)' or at ''; linking object as if no debug info
sfml-system-s-d.lib(Time.obj) : warning LNK4099: PDB '' was not found with 'sfml-system-s-d.lib(Time.obj)' or at ''; linking object as if no debug info
sfml-system-s-d.lib(ClockImpl.obj) : warning LNK4099: PDB '' was not found with 'sfml-system-s-d.lib(ClockImpl.obj)' or at ''; linking object as if no debug info
sfml-system-s-d.lib(MutexImpl.obj) : warning LNK4099: PDB '' was not found with 'sfml-system-s-d.lib(MutexImpl.obj)' or at ''; linking object as if no debug info
sfml-system-s-d.lib(SleepImpl.obj) : warning LNK4099: PDB '' was not found with 'sfml-system-s-d.lib(SleepImpl.obj)' or at ''; linking object as if no debug info
sfml-system-s-d.lib(ThreadLocalImpl.obj) : warning LNK4099: PDB '' was not found with 'sfml-system-s-d.lib(ThreadLocalImpl.obj)' or at ''; linking object as if no debug info
  SFML3.vcxproj -> C:\Users\Wavid Bowman\Documents\GitHub\Wavid-Bowman_Professional\Team\Word Sort Hangman\GameFiles\Debug\SFML3.exe
