c:\users\wavid bowman\documents\github\wavid-bowman_professional\team\word sort hangman\gamefiles\sfml3\x64\debug\vc143.pdb
c:\users\wavid bowman\documents\github\wavid-bowman_professional\team\word sort hangman\gamefiles\sfml3\x64\debug\vc143.idb
c:\users\wavid bowman\documents\github\wavid-bowman_professional\team\word sort hangman\gamefiles\sfml3\x64\debug\words.obj
c:\users\wavid bowman\documents\github\wavid-bowman_professional\team\word sort hangman\gamefiles\sfml3\x64\debug\texturemanager.obj
c:\users\wavid bowman\documents\github\wavid-bowman_professional\team\word sort hangman\gamefiles\sfml3\x64\debug\sorting.obj
c:\users\wavid bowman\documents\github\wavid-bowman_professional\team\word sort hangman\gamefiles\sfml3\x64\debug\objects.obj
c:\users\wavid bowman\documents\github\wavid-bowman_professional\team\word sort hangman\gamefiles\sfml3\x64\debug\main.obj
c:\users\wavid bowman\documents\github\wavid-bowman_professional\team\word sort hangman\gamefiles\sfml3\x64\debug\gameboard.obj
c:\users\wavid bowman\documents\github\wavid-bowman_professional\team\word sort hangman\gamefiles\sfml3\x64\debug\game.obj
c:\users\wavid bowman\documents\github\wavid-bowman_professional\team\word sort hangman\gamefiles\sfml3\x64\debug\frequencycalculator.obj
c:\users\wavid bowman\documents\github\wavid-bowman_professional\team\word sort hangman\gamefiles\x64\debug\sfml3.pdb
c:\users\wavid bowman\documents\github\wavid-bowman_professional\team\word sort hangman\gamefiles\sfml3\x64\debug\sfml3.tlog\cl.command.1.tlog
c:\users\wavid bowman\documents\github\wavid-bowman_professional\team\word sort hangman\gamefiles\sfml3\x64\debug\sfml3.tlog\cl.read.1.tlog
c:\users\wavid bowman\documents\github\wavid-bowman_professional\team\word sort hangman\gamefiles\sfml3\x64\debug\sfml3.tlog\cl.write.1.tlog
c:\users\wavid bowman\documents\github\wavid-bowman_professional\team\word sort hangman\gamefiles\sfml3\x64\debug\sfml3.tlog\link-cvtres.read.1.tlog
c:\users\wavid bowman\documents\github\wavid-bowman_professional\team\word sort hangman\gamefiles\sfml3\x64\debug\sfml3.tlog\link-cvtres.write.1.tlog
c:\users\wavid bowman\documents\github\wavid-bowman_professional\team\word sort hangman\gamefiles\sfml3\x64\debug\sfml3.tlog\link-rc.read.1.tlog
c:\users\wavid bowman\documents\github\wavid-bowman_professional\team\word sort hangman\gamefiles\sfml3\x64\debug\sfml3.tlog\link-rc.write.1.tlog
c:\users\wavid bowman\documents\github\wavid-bowman_professional\team\word sort hangman\gamefiles\sfml3\x64\debug\sfml3.tlog\link.command.1.tlog
c:\users\wavid bowman\documents\github\wavid-bowman_professional\team\word sort hangman\gamefiles\sfml3\x64\debug\sfml3.tlog\link.read.1.tlog
c:\users\wavid bowman\documents\github\wavid-bowman_professional\team\word sort hangman\gamefiles\sfml3\x64\debug\sfml3.tlog\link.read.2.tlog
c:\users\wavid bowman\documents\github\wavid-bowman_professional\team\word sort hangman\gamefiles\sfml3\x64\debug\sfml3.tlog\link.write.1.tlog
